Using pre-set license
Built from '2020.3/staging' branch; Version is '2020.3.11f1 (99c7afb366b3) revision 10078127'; Using compiler version '192528614'; Build Type 'Release'
OS: 'Windows 10 Pro; OS build 19042.1083; Version 2009; 64bit' Language: 'ru' Physical Memory: 16182 MB
BatchMode: 1, IsHumanControllingUs: 0, StartBugReporterOnCrash: 0, Is64bit: 1, IsPro: 0

 COMMAND LINE ARGUMENTS:
C:\Program Files\Unity\Hub\Editor\2020.3.11f1\Editor\Unity.exe
-adb2
-batchMode
-noUpm
-name
AssetImportWorker0
-projectPath
C:/Users/roshmar/Desktop/MyGame/3D Runner
-logFile
Logs/AssetImportWorker0.log
-srvPort
58951
Successfully changed project path to: C:/Users/roshmar/Desktop/MyGame/3D Runner
C:/Users/roshmar/Desktop/MyGame/3D Runner
Using Asset Import Pipeline V2.
Refreshing native plugins compatible for Editor in 40.55 ms, found 2 plugins.
Preloading 0 native plugins for Editor in 0.00 ms.
Initialize engine version: 2020.3.11f1 (99c7afb366b3)
[Subsystems] Discovering subsystems at path C:/Program Files/Unity/Hub/Editor/2020.3.11f1/Editor/Data/Resources/UnitySubsystems
[Subsystems] Discovering subsystems at path C:/Users/roshmar/Desktop/MyGame/3D Runner/Assets
GfxDevice: creating device client; threaded=0
Direct3D:
    Version:  Direct3D 11.0 [level 11.1]
    Renderer: NVIDIA GeForce GTX 1650 with Max-Q Design (ID=0x1f91)
    Vendor:   
    VRAM:     3964 MB
    Driver:   27.21.14.6663
Initialize mono
Mono path[0] = 'C:/Program Files/Unity/Hub/Editor/2020.3.11f1/Editor/Data/Managed'
Mono path[1] = 'C:/Program Files/Unity/Hub/Editor/2020.3.11f1/Editor/Data/MonoBleedingEdge/lib/mono/unityjit'
Mono config path = 'C:/Program Files/Unity/Hub/Editor/2020.3.11f1/Editor/Data/MonoBleedingEdge/etc'
Using monoOptions --debugger-agent=transport=dt_socket,embedding=1,server=y,suspend=n,address=127.0.0.1:56488
Begin MonoManager ReloadAssembly
Registering precompiled unity dll's ...
Register platform support module: C:/Program Files/Unity/Hub/Editor/2020.3.11f1/Editor/Data/PlaybackEngines/WebGLSupport/UnityEditor.WebGL.Extensions.dll
Register platform support module: C:/Program Files/Unity/Hub/Editor/2020.3.11f1/Editor/Data/PlaybackEngines/MacStandaloneSupport/UnityEditor.OSXStandalone.Extensions.dll
Register platform support module: C:/Program Files/Unity/Hub/Editor/2020.3.11f1/Editor/Data/PlaybackEngines/WindowsStandaloneSupport/UnityEditor.WindowsStandalone.Extensions.dll
Register platform support module: C:/Program Files/Unity/Hub/Editor/2020.3.11f1/Editor/Data/PlaybackEngines/LinuxStandaloneSupport/UnityEditor.LinuxStandalone.Extensions.dll
Register platform support module: C:/Program Files/Unity/Hub/Editor/2020.3.11f1/Editor/Data/PlaybackEngines/LuminSupport/UnityEditor.Lumin.Extensions.dll
Registered in 0.003520 seconds.
Native extension for Lumin target not found
Native extension for LinuxStandalone target not found
Native extension for WindowsStandalone target not found
Native extension for OSXStandalone target not found
Native extension for WebGL target not found
Refreshing native plugins compatible for Editor in 37.74 ms, found 2 plugins.
Preloading 0 native plugins for Editor in 0.00 ms.
Mono: successfully reloaded assembly
- Completed reload, in  2.020 seconds
Platform modules already initialized, skipping
Registering precompiled user dll's ...
Registered in 0.004117 seconds.
Begin MonoManager ReloadAssembly
Native extension for Lumin target not found
Native extension for LinuxStandalone target not found
Native extension for WindowsStandalone target not found
Native extension for OSXStandalone target not found
Native extension for WebGL target not found
Refreshing native plugins compatible for Editor in 42.96 ms, found 2 plugins.
Preloading 0 native plugins for Editor in 0.00 ms.
Mono: successfully reloaded assembly
- Completed reload, in  1.091 seconds
Platform modules already initialized, skipping
========================================================================
Worker process is ready to serve import requests
Launched and connected shader compiler UnityShaderCompiler.exe after 0.04 seconds
Refreshing native plugins compatible for Editor in 0.45 ms, found 2 plugins.
Preloading 0 native plugins for Editor in 0.00 ms.
Unloading 1958 Unused Serialized files (Serialized files now loaded: 0)
System memory in use before: 116.5 MB.
System memory in use after: 116.6 MB.

Unloading 77 unused Assets to reduce memory usage. Loaded Objects now: 2419.
Total: 3.106600 ms (FindLiveObjects: 0.222900 ms CreateObjectMapping: 0.080000 ms MarkObjects: 2.534600 ms  DeleteObjects: 0.267300 ms)

========================================================================
Received Import Request.
  path: Assets/CyberCity/PostProcessing profile/Profile 3.asset
  artifactKey: Guid(790c7169b87ec774aa68a04ccc804292) Importer(815301076,1909f56bfc062723c751e8b465ee728b)
Start importing Assets/CyberCity/PostProcessing profile/Profile 3.asset using Guid(790c7169b87ec774aa68a04ccc804292) Importer(815301076,1909f56bfc062723c751e8b465ee728b)  -> (artifact id: '8552b6ded049a10e1b6bafa00a3821db') in 0.067730 seconds
  Import took 0.071527 seconds .

========================================================================
Received Import Request.
  Time since last request: 32.746604 seconds.
  path: Assets/CyberCity/PostProcessing/Editor/Models/AntialiasingModelEditor.cs
  artifactKey: Guid(2451939fe695c1a408ba688219837667) Importer(815301076,1909f56bfc062723c751e8b465ee728b)
Start importing Assets/CyberCity/PostProcessing/Editor/Models/AntialiasingModelEditor.cs using Guid(2451939fe695c1a408ba688219837667) Importer(815301076,1909f56bfc062723c751e8b465ee728b)  -> (artifact id: '98700e1b0e0886dfb78b53050b31933a') in 0.021942 seconds
  Import took 0.025410 seconds .

========================================================================
Received Prepare
Registering precompiled user dll's ...
Registered in 0.013638 seconds.
Begin MonoManager ReloadAssembly
Native extension for Lumin target not found
Native extension for LinuxStandalone target not found
Native extension for WindowsStandalone target not found
Native extension for OSXStandalone target not found
Native extension for WebGL target not found
Refreshing native plugins compatible for Editor in 0.48 ms, found 2 plugins.
Preloading 0 native plugins for Editor in 0.00 ms.
Warning: Annotation not found!
UnityEngine.StackTraceUtility:ExtractStackTrace ()
UnityEditor.ProBuilder.EditorUtility:SetGizmoIconEnabled (System.Type,bool) (at Library/PackageCache/com.unity.probuilder@4.5.0/Editor/EditorCore/EditorUtility.cs:593)
UnityEditor.ProBuilder.HierarchyListener:.cctor () (at Library/PackageCache/com.unity.probuilder@4.5.0/Editor/EditorCore/HierarchyListener.cs:21)
System.Runtime.CompilerServices.RuntimeHelpers:RunClassConstructor (System.RuntimeTypeHandle)
UnityEditor.EditorAssemblies:ProcessInitializeOnLoadAttributes (System.Type[])

[Library/PackageCache/com.unity.probuilder@4.5.0/Editor/EditorCore/EditorUtility.cs line 593]

Mono: successfully reloaded assembly
- Completed reload, in  1.065 seconds
Platform modules already initialized, skipping
Refreshing native plugins compatible for Editor in 0.54 ms, found 2 plugins.
Preloading 0 native plugins for Editor in 0.00 ms.
Unloading 1902 Unused Serialized files (Serialized files now loaded: 0)
System memory in use before: 111.6 MB.
System memory in use after: 111.7 MB.

Unloading 14 unused Assets to reduce memory usage. Loaded Objects now: 2422.
Total: 2.932800 ms (FindLiveObjects: 0.300000 ms CreateObjectMapping: 0.096400 ms MarkObjects: 2.420600 ms  DeleteObjects: 0.114500 ms)

========================================================================
Received Prepare
Registering precompiled user dll's ...
Registered in 0.004001 seconds.
Begin MonoManager ReloadAssembly
Native extension for Lumin target not found
Native extension for LinuxStandalone target not found
Native extension for WindowsStandalone target not found
Native extension for OSXStandalone target not found
Native extension for WebGL target not found
Refreshing native plugins compatible for Editor in 0.48 ms, found 2 plugins.
Preloading 0 native plugins for Editor in 0.00 ms.
Warning: Annotation not found!
UnityEngine.StackTraceUtility:ExtractStackTrace ()
UnityEditor.ProBuilder.EditorUtility:SetGizmoIconEnabled (System.Type,bool) (at Library/PackageCache/com.unity.probuilder@4.5.0/Editor/EditorCore/EditorUtility.cs:593)
UnityEditor.ProBuilder.HierarchyListener:.cctor () (at Library/PackageCache/com.unity.probuilder@4.5.0/Editor/EditorCore/HierarchyListener.cs:21)
System.Runtime.CompilerServices.RuntimeHelpers:RunClassConstructor (System.RuntimeTypeHandle)
UnityEditor.EditorAssemblies:ProcessInitializeOnLoadAttributes (System.Type[])

[Library/PackageCache/com.unity.probuilder@4.5.0/Editor/EditorCore/EditorUtility.cs line 593]

Mono: successfully reloaded assembly
- Completed reload, in  1.036 seconds
Platform modules already initialized, skipping
Refreshing native plugins compatible for Editor in 0.72 ms, found 2 plugins.
Preloading 0 native plugins for Editor in 0.00 ms.
Unloading 1902 Unused Serialized files (Serialized files now loaded: 0)
System memory in use before: 111.6 MB.
System memory in use after: 111.7 MB.

Unloading 14 unused Assets to reduce memory usage. Loaded Objects now: 2425.
Total: 2.773700 ms (FindLiveObjects: 0.219100 ms CreateObjectMapping: 0.076500 ms MarkObjects: 2.371600 ms  DeleteObjects: 0.105200 ms)

========================================================================
Received Import Request.
  Time since last request: 326.191418 seconds.
  path: Assets/CyberCity/PostProcessing/Runtime/PostProcessingBehaviour.cs
  artifactKey: Guid(ff26db721962cdf4a8edcdfa9a767d2a) Importer(815301076,1909f56bfc062723c751e8b465ee728b)
Start importing Assets/CyberCity/PostProcessing/Runtime/PostProcessingBehaviour.cs using Guid(ff26db721962cdf4a8edcdfa9a767d2a) Importer(815301076,1909f56bfc062723c751e8b465ee728b)  -> (artifact id: 'ae394313c9dac99656572d9243157d39') in 0.008165 seconds
  Import took 0.011005 seconds .

========================================================================
Received Prepare
Registering precompiled user dll's ...
Registered in 0.015589 seconds.
Begin MonoManager ReloadAssembly
Native extension for Lumin target not found
Native extension for LinuxStandalone target not found
Native extension for WindowsStandalone target not found
Native extension for OSXStandalone target not found
Native extension for WebGL target not found
Refreshing native plugins compatible for Editor in 1.06 ms, found 2 plugins.
Preloading 0 native plugins for Editor in 0.00 ms.
Warning: Annotation not found!
UnityEngine.StackTraceUtility:ExtractStackTrace ()
UnityEditor.ProBuilder.EditorUtility:SetGizmoIconEnabled (System.Type,bool) (at Library/PackageCache/com.unity.probuilder@4.5.0/Editor/EditorCore/EditorUtility.cs:593)
UnityEditor.ProBuilder.HierarchyListener:.cctor () (at Library/PackageCache/com.unity.probuilder@4.5.0/Editor/EditorCore/HierarchyListener.cs:21)
System.Runtime.CompilerServices.RuntimeHelpers:RunClassConstructor (System.RuntimeTypeHandle)
UnityEditor.EditorAssemblies:ProcessInitializeOnLoadAttributes (System.Type[])

[Library/PackageCache/com.unity.probuilder@4.5.0/Editor/EditorCore/EditorUtility.cs line 593]

Mono: successfully reloaded assembly
- Completed reload, in  6.898 seconds
Platform modules already initialized, skipping
Refreshing native plugins compatible for Editor in 0.67 ms, found 2 plugins.
Preloading 0 native plugins for Editor in 0.00 ms.
Unloading 1902 Unused Serialized files (Serialized files now loaded: 0)
System memory in use before: 111.7 MB.
System memory in use after: 111.7 MB.

Unloading 14 unused Assets to reduce memory usage. Loaded Objects now: 2428.
Total: 3.395800 ms (FindLiveObjects: 0.292100 ms CreateObjectMapping: 0.121000 ms MarkObjects: 2.821000 ms  DeleteObjects: 0.160100 ms)

========================================================================
Received Import Request.
  Time since last request: 1431.730027 seconds.
  path: Assets/CyberCity/PostProcessing profile/Profile 3.asset
  artifactKey: Guid(790c7169b87ec774aa68a04ccc804292) Importer(815301076,1909f56bfc062723c751e8b465ee728b)
Start importing Assets/CyberCity/PostProcessing profile/Profile 3.asset using Guid(790c7169b87ec774aa68a04ccc804292) Importer(815301076,1909f56bfc062723c751e8b465ee728b)  -> (artifact id: '50bbd7535af1e34983c917158fd9a6f5') in 0.099281 seconds
  Import took 0.103418 seconds .

========================================================================
Received Prepare
Registering precompiled user dll's ...
Registered in 0.006885 seconds.
Begin MonoManager ReloadAssembly
Native extension for Lumin target not found
Native extension for LinuxStandalone target not found
Native extension for WindowsStandalone target not found
Native extension for OSXStandalone target not found
Native extension for WebGL target not found
Refreshing native plugins compatible for Editor in 0.57 ms, found 2 plugins.
Preloading 0 native plugins for Editor in 0.00 ms.
Warning: Annotation not found!
UnityEngine.StackTraceUtility:ExtractStackTrace ()
UnityEditor.ProBuilder.EditorUtility:SetGizmoIconEnabled (System.Type,bool) (at Library/PackageCache/com.unity.probuilder@4.5.0/Editor/EditorCore/EditorUtility.cs:593)
UnityEditor.ProBuilder.HierarchyListener:.cctor () (at Library/PackageCache/com.unity.probuilder@4.5.0/Editor/EditorCore/HierarchyListener.cs:21)
System.Runtime.CompilerServices.RuntimeHelpers:RunClassConstructor (System.RuntimeTypeHandle)
UnityEditor.EditorAssemblies:ProcessInitializeOnLoadAttributes (System.Type[])

[Library/PackageCache/com.unity.probuilder@4.5.0/Editor/EditorCore/EditorUtility.cs line 593]

Mono: successfully reloaded assembly
- Completed reload, in  1.653 seconds
Platform modules already initialized, skipping
Refreshing native plugins compatible for Editor in 0.55 ms, found 2 plugins.
Preloading 0 native plugins for Editor in 0.00 ms.
Unloading 1902 Unused Serialized files (Serialized files now loaded: 0)
System memory in use before: 111.7 MB.
System memory in use after: 111.8 MB.

Unloading 14 unused Assets to reduce memory usage. Loaded Objects now: 2431.
Total: 3.508000 ms (FindLiveObjects: 0.311800 ms CreateObjectMapping: 0.128200 ms MarkObjects: 2.937200 ms  DeleteObjects: 0.129200 ms)

========================================================================
Received Prepare
Registering precompiled user dll's ...
Registered in 0.004367 seconds.
Begin MonoManager ReloadAssembly
Native extension for Lumin target not found
Native extension for LinuxStandalone target not found
Native extension for WindowsStandalone target not found
Native extension for OSXStandalone target not found
Native extension for WebGL target not found
Refreshing native plugins compatible for Editor in 0.52 ms, found 2 plugins.
Preloading 0 native plugins for Editor in 0.00 ms.
Warning: Annotation not found!
UnityEngine.StackTraceUtility:ExtractStackTrace ()
UnityEditor.ProBuilder.EditorUtility:SetGizmoIconEnabled (System.Type,bool) (at Library/PackageCache/com.unity.probuilder@4.5.0/Editor/EditorCore/EditorUtility.cs:593)
UnityEditor.ProBuilder.HierarchyListener:.cctor () (at Library/PackageCache/com.unity.probuilder@4.5.0/Editor/EditorCore/HierarchyListener.cs:21)
System.Runtime.CompilerServices.RuntimeHelpers:RunClassConstructor (System.RuntimeTypeHandle)
UnityEditor.EditorAssemblies:ProcessInitializeOnLoadAttributes (System.Type[])

[Library/PackageCache/com.unity.probuilder@4.5.0/Editor/EditorCore/EditorUtility.cs line 593]

Mono: successfully reloaded assembly
- Completed reload, in  1.178 seconds
Platform modules already initialized, skipping
Refreshing native plugins compatible for Editor in 0.60 ms, found 2 plugins.
Preloading 0 native plugins for Editor in 0.00 ms.
Unloading 1902 Unused Serialized files (Serialized files now loaded: 0)
System memory in use before: 111.7 MB.
System memory in use after: 111.8 MB.

Unloading 14 unused Assets to reduce memory usage. Loaded Objects now: 2434.
Total: 3.349000 ms (FindLiveObjects: 0.257200 ms CreateObjectMapping: 0.108400 ms MarkObjects: 2.827100 ms  DeleteObjects: 0.154800 ms)

========================================================================
Received Prepare
Registering precompiled user dll's ...
Registered in 0.015488 seconds.
Begin MonoManager ReloadAssembly
Native extension for Lumin target not found
Native extension for LinuxStandalone target not found
Native extension for WindowsStandalone target not found
Native extension for OSXStandalone target not found
Native extension for WebGL target not found
Refreshing native plugins compatible for Editor in 0.57 ms, found 2 plugins.
Preloading 0 native plugins for Editor in 0.00 ms.
[ScriptCompilation] NOT recompiling all scripts because this is an import worker process. Reason to compile was: Define symbols changed
Warning: Annotation not found!
UnityEngine.StackTraceUtility:ExtractStackTrace ()
UnityEditor.ProBuilder.EditorUtility:SetGizmoIconEnabled (System.Type,bool) (at Library/PackageCache/com.unity.probuilder@4.5.0/Editor/EditorCore/EditorUtility.cs:593)
UnityEditor.ProBuilder.HierarchyListener:.cctor () (at Library/PackageCache/com.unity.probuilder@4.5.0/Editor/EditorCore/HierarchyListener.cs:21)
System.Runtime.CompilerServices.RuntimeHelpers:RunClassConstructor (System.RuntimeTypeHandle)
UnityEditor.EditorAssemblies:ProcessInitializeOnLoadAttributes (System.Type[])

[Library/PackageCache/com.unity.probuilder@4.5.0/Editor/EditorCore/EditorUtility.cs line 593]

Mono: successfully reloaded assembly
- Completed reload, in  1.181 seconds
Platform modules already initialized, skipping
Refreshing native plugins compatible for Editor in 0.59 ms, found 2 plugins.
Preloading 0 native plugins for Editor in 0.00 ms.
Unloading 2022 Unused Serialized files (Serialized files now loaded: 0)
System memory in use before: 119.2 MB.
System memory in use after: 117.2 MB.

Unloading 41 unused Assets to reduce memory usage. Loaded Objects now: 2530.
Total: 3.997500 ms (FindLiveObjects: 0.313300 ms CreateObjectMapping: 0.096500 ms MarkObjects: 2.751400 ms  DeleteObjects: 0.834900 ms)

========================================================================
Received Import Request.
  Time since last request: 946.015201 seconds.
  path: Assets/CyberCity/PostProcessing/Resources/Shaders/EyeHistogram.compute
  artifactKey: Guid(e213272ad8ff213409a6e13b5c26b4e4) Importer(815301076,1909f56bfc062723c751e8b465ee728b)
Start importing Assets/CyberCity/PostProcessing/Resources/Shaders/EyeHistogram.compute using Guid(e213272ad8ff213409a6e13b5c26b4e4) Importer(815301076,1909f56bfc062723c751e8b465ee728b)  -> (artifact id: '45a0a42c71d6f7d197015c27272f00e9') in 0.091470 seconds
  Import took 0.098533 seconds .

========================================================================
Received Import Request.
  Time since last request: 19.169731 seconds.
  path: Assets/Scenes/New Folder/Canvas.prefab
  artifactKey: Guid(a606a271ae48f5c43ac42410e7272ddb) Importer(815301076,1909f56bfc062723c751e8b465ee728b)
Start importing Assets/Scenes/New Folder/Canvas.prefab using Guid(a606a271ae48f5c43ac42410e7272ddb) Importer(815301076,1909f56bfc062723c751e8b465ee728b)  -> (artifact id: 'a4ea4bb27e0479fab8620575e128ef69') in 0.049521 seconds
  Import took 0.053563 seconds .

========================================================================
Received Import Request.
  Time since last request: 0.000340 seconds.
  path: Assets/Scenes/New Folder/RoadGenerator.prefab
  artifactKey: Guid(fa351b582d6bd3947a34af2141472f07) Importer(815301076,1909f56bfc062723c751e8b465ee728b)
Start importing Assets/Scenes/New Folder/RoadGenerator.prefab using Guid(fa351b582d6bd3947a34af2141472f07) Importer(815301076,1909f56bfc062723c751e8b465ee728b)  -> (artifact id: 'c1d6d47f64a35c7458e3ee41311f8820') in 0.010036 seconds
  Import took 0.013464 seconds .

========================================================================
Received Import Request.
  Time since last request: 0.000363 seconds.
  path: Assets/Scenes/New Folder/GameManager.prefab
  artifactKey: Guid(52fc9fd4780f4a5499f3da4a91695a47) Importer(815301076,1909f56bfc062723c751e8b465ee728b)
Start importing Assets/Scenes/New Folder/GameManager.prefab using Guid(52fc9fd4780f4a5499f3da4a91695a47) Importer(815301076,1909f56bfc062723c751e8b465ee728b)  -> (artifact id: '0ec920d53c9fd2c63c0afa6e90111beb') in 0.008545 seconds
  Import took 0.012722 seconds .

========================================================================
Received Prepare
Registering precompiled user dll's ...
Registered in 0.005760 seconds.
Begin MonoManager ReloadAssembly
Native extension for Lumin target not found
Native extension for LinuxStandalone target not found
Native extension for WindowsStandalone target not found
Native extension for OSXStandalone target not found
Native extension for WebGL target not found
Refreshing native plugins compatible for Editor in 0.58 ms, found 2 plugins.
Preloading 0 native plugins for Editor in 0.00 ms.
[ScriptCompilation] NOT recompiling all scripts because this is an import worker process. Reason to compile was: Define symbols changed
Warning: Annotation not found!
UnityEngine.StackTraceUtility:ExtractStackTrace ()
UnityEditor.ProBuilder.EditorUtility:SetGizmoIconEnabled (System.Type,bool) (at Library/PackageCache/com.unity.probuilder@4.5.0/Editor/EditorCore/EditorUtility.cs:593)
UnityEditor.ProBuilder.HierarchyListener:.cctor () (at Library/PackageCache/com.unity.probuilder@4.5.0/Editor/EditorCore/HierarchyListener.cs:21)
System.Runtime.CompilerServices.RuntimeHelpers:RunClassConstructor (System.RuntimeTypeHandle)
UnityEditor.EditorAssemblies:ProcessInitializeOnLoadAttributes (System.Type[])

[Library/PackageCache/com.unity.probuilder@4.5.0/Editor/EditorCore/EditorUtility.cs line 593]

Mono: successfully reloaded assembly
- Completed reload, in  1.310 seconds
Platform modules already initialized, skipping
Refreshing native plugins compatible for Editor in 0.58 ms, found 2 plugins.
Preloading 0 native plugins for Editor in 0.00 ms.
Unloading 2022 Unused Serialized files (Serialized files now loaded: 0)
System memory in use before: 119.4 MB.
System memory in use after: 117.5 MB.

Unloading 42 unused Assets to reduce memory usage. Loaded Objects now: 2535.
Total: 3.292900 ms (FindLiveObjects: 0.281900 ms CreateObjectMapping: 0.103600 ms MarkObjects: 2.132800 ms  DeleteObjects: 0.773200 ms)

========================================================================
Received Import Request.
  Time since last request: 1139.159360 seconds.
  path: Assets/CyberCity/PostProcessing/Resources/Shaders/ACES.cginc
  artifactKey: Guid(b8d56fc3449f426408c23c723b58d7b5) Importer(815301076,1909f56bfc062723c751e8b465ee728b)
Start importing Assets/CyberCity/PostProcessing/Resources/Shaders/ACES.cginc using Guid(b8d56fc3449f426408c23c723b58d7b5) Importer(815301076,1909f56bfc062723c751e8b465ee728b)  -> (artifact id: '5407eebfc71a241e0a0dfe9c013b58de') in 0.039317 seconds
  Import took 0.043186 seconds .

========================================================================
Received Import Request.
  Time since last request: 0.013846 seconds.
  path: Assets/CyberCity/PostProcessing/Resources/Shaders/ACES.cginc
  artifactKey: Guid(b8d56fc3449f426408c23c723b58d7b5) Importer(815301076,1909f56bfc062723c751e8b465ee728b)
Start importing Assets/CyberCity/PostProcessing/Resources/Shaders/ACES.cginc using Guid(b8d56fc3449f426408c23c723b58d7b5) Importer(815301076,1909f56bfc062723c751e8b465ee728b)  -> (artifact id: '5407eebfc71a241e0a0dfe9c013b58de') in 0.005701 seconds
  Import took 0.012630 seconds .

========================================================================
Received Import Request.
  Time since last request: 1.622060 seconds.
  path: Assets/CyberCity/PostProcessing/Resources/Shaders/AmbientOcclusion.cginc
  artifactKey: Guid(447591ee3d9d4204899be5fe25968ea0) Importer(815301076,1909f56bfc062723c751e8b465ee728b)
Start importing Assets/CyberCity/PostProcessing/Resources/Shaders/AmbientOcclusion.cginc using Guid(447591ee3d9d4204899be5fe25968ea0) Importer(815301076,1909f56bfc062723c751e8b465ee728b)  -> (artifact id: 'b676733b07776a9fdc1e57849d9ddef7') in 0.008643 seconds
  Import took 0.012146 seconds .

========================================================================
Received Import Request.
  Time since last request: 1.996270 seconds.
  path: Assets/CyberCity/PostProcessing/Resources/Shaders/FXAA3.cginc
  artifactKey: Guid(613b4036a9f55c34fb054bde02455e46) Importer(815301076,1909f56bfc062723c751e8b465ee728b)
Start importing Assets/CyberCity/PostProcessing/Resources/Shaders/FXAA3.cginc using Guid(613b4036a9f55c34fb054bde02455e46) Importer(815301076,1909f56bfc062723c751e8b465ee728b)  -> (artifact id: 'd790a0b0fba84e21100ab9e17df13177') in 0.007330 seconds
  Import took 0.010691 seconds .

========================================================================
Received Import Request.
  Time since last request: 0.687349 seconds.
  path: Assets/CyberCity/PostProcessing/Resources/Shaders/MotionBlur.cginc
  artifactKey: Guid(c83956915580e42489479d2a109470ab) Importer(815301076,1909f56bfc062723c751e8b465ee728b)
Start importing Assets/CyberCity/PostProcessing/Resources/Shaders/MotionBlur.cginc using Guid(c83956915580e42489479d2a109470ab) Importer(815301076,1909f56bfc062723c751e8b465ee728b)  -> (artifact id: 'fe2d4d8b0cb2af7f0d05ebfbf87078bc') in 0.007528 seconds
  Import took 0.010741 seconds .

========================================================================
Received Import Request.
  Time since last request: 0.549448 seconds.
  path: Assets/CyberCity/PostProcessing/Resources/Shaders/TAA.cginc
  artifactKey: Guid(241b7a6a033e9dc4da9d2595cef7f477) Importer(815301076,1909f56bfc062723c751e8b465ee728b)
Start importing Assets/CyberCity/PostProcessing/Resources/Shaders/TAA.cginc using Guid(241b7a6a033e9dc4da9d2595cef7f477) Importer(815301076,1909f56bfc062723c751e8b465ee728b)  -> (artifact id: '3f4a0d607ffbc0730ab84221eb4f3f6e') in 0.007005 seconds
  Import took 0.010145 seconds .

========================================================================
Received Import Request.
  Time since last request: 0.634903 seconds.
  path: Assets/CyberCity/PostProcessing/Resources/Shaders/ScreenSpaceRaytrace.cginc
  artifactKey: Guid(a92d6fdbe2c35f94190497c18b88f9af) Importer(815301076,1909f56bfc062723c751e8b465ee728b)
Start importing Assets/CyberCity/PostProcessing/Resources/Shaders/ScreenSpaceRaytrace.cginc using Guid(a92d6fdbe2c35f94190497c18b88f9af) Importer(815301076,1909f56bfc062723c751e8b465ee728b)  -> (artifact id: '349aefa5d9182b4114df796dec22b085') in 0.008667 seconds
  Import took 0.012236 seconds .

========================================================================
Received Import Request.
  Time since last request: 0.618327 seconds.
  path: Assets/CyberCity/PostProcessing/Resources/Shaders/ColorGrading.cginc
  artifactKey: Guid(26a62c2e30be83547bdfa9fe837165e3) Importer(815301076,1909f56bfc062723c751e8b465ee728b)
Start importing Assets/CyberCity/PostProcessing/Resources/Shaders/ColorGrading.cginc using Guid(26a62c2e30be83547bdfa9fe837165e3) Importer(815301076,1909f56bfc062723c751e8b465ee728b)  -> (artifact id: '8a15f8f5dd6eb5f6411d287857c46175') in 0.007723 seconds
  Import took 0.010923 seconds .

========================================================================
Received Import Request.
  Time since last request: 1.141620 seconds.
  path: Assets/CyberCity/PostProcessing/Resources/Shaders/Tonemapping.cginc
  artifactKey: Guid(0a999e641c982a14d9c68dfd53a98afc) Importer(815301076,1909f56bfc062723c751e8b465ee728b)
Start importing Assets/CyberCity/PostProcessing/Resources/Shaders/Tonemapping.cginc using Guid(0a999e641c982a14d9c68dfd53a98afc) Importer(815301076,1909f56bfc062723c751e8b465ee728b)  -> (artifact id: '9390e77c4f4db188b2e2e9c5fff2f31f') in 0.007136 seconds
  Import took 0.010512 seconds .

========================================================================
Received Import Request.
  Time since last request: 0.604363 seconds.
  path: Assets/CyberCity/PostProcessing/Resources/Shaders/Uber.shader
  artifactKey: Guid(8ce0a6f4c8cae334d8a5617f302b6769) Importer(815301076,1909f56bfc062723c751e8b465ee728b)
Start importing Assets/CyberCity/PostProcessing/Resources/Shaders/Uber.shader using Guid(8ce0a6f4c8cae334d8a5617f302b6769) Importer(815301076,1909f56bfc062723c751e8b465ee728b)  -> (artifact id: 'b119b0c0461544402a190152d63b5f6f') in 0.008800 seconds
  Import took 0.012211 seconds .

========================================================================
Received Import Request.
  Time since last request: 0.009073 seconds.
  path: Assets/CyberCity/PostProcessing/Resources/Shaders/Uber.shader
  artifactKey: Guid(8ce0a6f4c8cae334d8a5617f302b6769) Importer(815301076,1909f56bfc062723c751e8b465ee728b)
Start importing Assets/CyberCity/PostProcessing/Resources/Shaders/Uber.shader using Guid(8ce0a6f4c8cae334d8a5617f302b6769) Importer(815301076,1909f56bfc062723c751e8b465ee728b)  -> (artifact id: 'b119b0c0461544402a190152d63b5f6f') in 0.002961 seconds
  Import took 0.006276 seconds .

========================================================================
Received Import Request.
  Time since last request: 0.434946 seconds.
  path: Assets/CyberCity/PostProcessing/Resources/Shaders/UberSecondPass.cginc
  artifactKey: Guid(b6e42614562a56445ba4b5d90301f06f) Importer(815301076,1909f56bfc062723c751e8b465ee728b)
Start importing Assets/CyberCity/PostProcessing/Resources/Shaders/UberSecondPass.cginc using Guid(b6e42614562a56445ba4b5d90301f06f) Importer(815301076,1909f56bfc062723c751e8b465ee728b)  -> (artifact id: '81be9d9fb9027b85887eb15e5a6e1299') in 0.011210 seconds
  Import took 0.016488 seconds .

AssetImportWorkerClient::OnTransportError - code=2 error=End of file
